2025-12-16 00:47:54,831 [INFO] Activator:176 - 


2025-12-16 00:47:54,834 [INFO] Activator:177 - !SESSION log4j initialized
2025-12-16 00:47:59,214 [INFO] LogOutputStream:77 - [STDOUT_REDIRECT] 
2025-12-16 00:49:10,977 [ERROR] AdobePublisher:162 - Exception while opening the connection: java.net.SocketTimeoutException: Read timed out
2025-12-16 09:48:42,895 [INFO] Activator:176 - 


2025-12-16 09:48:42,897 [INFO] Activator:177 - !SESSION log4j initialized
2025-12-16 09:48:46,315 [INFO] LogOutputStream:77 - [STDOUT_REDIRECT] 
2025-12-16 17:29:07,525 [ERROR] ConfigurationRetriever:142 - IOException on connection: sw-center.st.com
2025-12-16 17:29:07,527 [ERROR] ConfigurationRetriever:142 - IOException on connection: sw-center.st.com
2025-12-16 17:29:07,527 [ERROR] ConfigurationRetriever:142 - IOException on connection: sw-center.st.com
2025-12-16 17:29:28,203 [ERROR] ConfigurationRetriever:142 - IOException on connection: sw-center.st.com
2025-12-16 17:29:28,205 [ERROR] ConfigurationRetriever:142 - IOException on connection: sw-center.st.com
2025-12-16 17:29:28,206 [ERROR] ConfigurationRetriever:142 - IOException on connection: sw-center.st.com
2025-12-16 17:30:48,814 [ERROR] ConfigurationRetriever:142 - IOException on connection: sw-center.st.com
2025-12-16 17:30:48,816 [ERROR] ConfigurationRetriever:142 - IOException on connection: sw-center.st.com
2025-12-16 17:30:48,816 [ERROR] ConfigurationRetriever:142 - IOException on connection: sw-center.st.com
2025-12-16 17:31:02,225 [ERROR] ConfigurationRetriever:142 - IOException on connection: sw-center.st.com
2025-12-16 17:31:02,226 [ERROR] ConfigurationRetriever:142 - IOException on connection: sw-center.st.com
2025-12-16 17:31:02,256 [ERROR] ConfigurationRetriever:142 - IOException on connection: sw-center.st.com
2025-12-16 17:31:46,613 [ERROR] ConfigurationRetriever:142 - IOException on connection: sw-center.st.com
2025-12-16 17:31:46,614 [ERROR] ConfigurationRetriever:142 - IOException on connection: sw-center.st.com
2025-12-16 17:31:46,614 [ERROR] ConfigurationRetriever:142 - IOException on connection: sw-center.st.com
2025-12-16 17:31:54,696 [ERROR] ConfigurationRetriever:142 - IOException on connection: sw-center.st.com
2025-12-16 17:31:54,697 [ERROR] ConfigurationRetriever:142 - IOException on connection: sw-center.st.com
2025-12-16 17:31:54,698 [ERROR] ConfigurationRetriever:142 - IOException on connection: sw-center.st.com
