2025-12-12 07:16:37,481 [INFO] Activator:176 - 


2025-12-12 07:16:37,484 [INFO] Activator:177 - !SESSION log4j initialized
2025-12-12 07:16:40,703 [INFO] LogOutputStream:77 - [STDOUT_REDIRECT] 
2025-12-12 18:20:13,879 [ERROR] LogOutputStream:75 - [STDERR_REDIRECT] SLF4J: Failed to load class "org.slf4j.impl.StaticLoggerBinder".
2025-12-12 18:20:13,880 [ERROR] LogOutputStream:75 - [STDERR_REDIRECT] SLF4J: Defaulting to no-operation (NOP) logger implementation
2025-12-12 18:20:13,881 [ERROR] LogOutputStream:75 - [STDERR_REDIRECT] SLF4J: See http://www.slf4j.org/codes.html#StaticLoggerBinder for further details.
2025-12-12 18:27:02,904 [INFO] Activator:176 - 


2025-12-12 18:27:02,906 [INFO] Activator:177 - !SESSION log4j initialized
2025-12-12 18:27:06,552 [INFO] LogOutputStream:77 - [STDOUT_REDIRECT] 
2025-12-12 18:27:53,873 [ERROR] LogOutputStream:75 - [STDERR_REDIRECT] SLF4J: Failed to load class "org.slf4j.impl.StaticLoggerBinder".
2025-12-12 18:27:53,874 [ERROR] LogOutputStream:75 - [STDERR_REDIRECT] SLF4J: Defaulting to no-operation (NOP) logger implementation
2025-12-12 18:27:53,875 [ERROR] LogOutputStream:75 - [STDERR_REDIRECT] SLF4J: See http://www.slf4j.org/codes.html#StaticLoggerBinder for further details.
2025-12-12 18:35:59,596 [INFO] Activator:176 - 


2025-12-12 18:35:59,598 [INFO] Activator:177 - !SESSION log4j initialized
2025-12-12 18:36:03,832 [INFO] LogOutputStream:77 - [STDOUT_REDIRECT] 
2025-12-12 18:38:50,381 [INFO] Activator:176 - 


2025-12-12 18:38:50,382 [INFO] Activator:177 - !SESSION log4j initialized
2025-12-12 18:38:59,168 [INFO] LogOutputStream:77 - [STDOUT_REDIRECT] 
2025-12-12 18:47:15,708 [INFO] Activator:176 - 


2025-12-12 18:47:15,710 [INFO] Activator:177 - !SESSION log4j initialized
2025-12-12 18:47:20,772 [INFO] LogOutputStream:77 - [STDOUT_REDIRECT] 
2025-12-12 18:48:13,595 [INFO] Activator:176 - 


2025-12-12 18:48:13,597 [INFO] Activator:177 - !SESSION log4j initialized
2025-12-12 18:48:17,453 [INFO] LogOutputStream:77 - [STDOUT_REDIRECT] 
2025-12-12 22:52:14,525 [INFO] Activator:176 - 


2025-12-12 22:52:14,527 [INFO] Activator:177 - !SESSION log4j initialized
2025-12-12 22:52:19,022 [INFO] LogOutputStream:77 - [STDOUT_REDIRECT] 
